{"/home/sony/Documents/init/react-testing-library-examples/src/index.js": {"path":"/home/sony/Documents/init/react-testing-library-examples/src/index.js","statementMap":{"0":{"start":{"line":5,"column":2},"end":{"line":16,"column":3}},"1":{"start":{"line":19,"column":0},"end":{"line":19,"column":48}}},"fnMap":{"0":{"name":"App","decl":{"start":{"line":4,"column":9},"end":{"line":4,"column":12}},"loc":{"start":{"line":4,"column":15},"end":{"line":17,"column":1}},"line":4}},"branchMap":{},"s":{"0":0,"1":0},"f":{"0":0},"b":{}}
,"/home/sony/Documents/init/react-testing-library-examples/src/actions/counterActions.js": {"path":"/home/sony/Documents/init/react-testing-library-examples/src/actions/counterActions.js","statementMap":{"0":{"start":{"line":3,"column":18},"end":{"line":5,"column":1}},"1":{"start":{"line":4,"column":4},"end":{"line":4,"column":33}},"2":{"start":{"line":7,"column":18},"end":{"line":9,"column":1}},"3":{"start":{"line":8,"column":4},"end":{"line":8,"column":33}}},"fnMap":{"0":{"name":"(anonymous_0)","decl":{"start":{"line":3,"column":18},"end":{"line":3,"column":19}},"loc":{"start":{"line":3,"column":24},"end":{"line":5,"column":1}},"line":3},"1":{"name":"(anonymous_1)","decl":{"start":{"line":7,"column":18},"end":{"line":7,"column":19}},"loc":{"start":{"line":7,"column":24},"end":{"line":9,"column":1}},"line":7}},"branchMap":{},"s":{"0":0,"1":0,"2":0,"3":0},"f":{"0":0,"1":0},"b":{}}
,"/home/sony/Documents/init/react-testing-library-examples/src/components/component-did-catch.js": {"path":"/home/sony/Documents/init/react-testing-library-examples/src/components/component-did-catch.js","statementMap":{"0":{"start":{"line":5,"column":10},"end":{"line":5,"column":27}},"1":{"start":{"line":7,"column":4},"end":{"line":7,"column":35}},"2":{"start":{"line":8,"column":4},"end":{"line":8,"column":28}},"3":{"start":{"line":11,"column":4},"end":{"line":15,"column":5}},"4":{"start":{"line":20,"column":2},"end":{"line":20,"column":30}},"5":{"start":{"line":24,"column":38},"end":{"line":24,"column":59}},"6":{"start":{"line":25,"column":26},"end":{"line":25,"column":51}},"7":{"start":{"line":25,"column":32},"end":{"line":25,"column":51}},"8":{"start":{"line":26,"column":2},"end":{"line":38,"column":3}}},"fnMap":{"0":{"name":"(anonymous_0)","decl":{"start":{"line":6,"column":2},"end":{"line":6,"column":3}},"loc":{"start":{"line":6,"column":33},"end":{"line":9,"column":3}},"line":6},"1":{"name":"(anonymous_1)","decl":{"start":{"line":10,"column":2},"end":{"line":10,"column":3}},"loc":{"start":{"line":10,"column":11},"end":{"line":16,"column":3}},"line":10},"2":{"name":"Bomb","decl":{"start":{"line":19,"column":9},"end":{"line":19,"column":13}},"loc":{"start":{"line":19,"column":16},"end":{"line":21,"column":1}},"line":19},"3":{"name":"BombButton","decl":{"start":{"line":23,"column":9},"end":{"line":23,"column":19}},"loc":{"start":{"line":23,"column":22},"end":{"line":39,"column":1}},"line":23},"4":{"name":"(anonymous_4)","decl":{"start":{"line":25,"column":26},"end":{"line":25,"column":27}},"loc":{"start":{"line":25,"column":32},"end":{"line":25,"column":51}},"line":25}},"branchMap":{"0":{"loc":{"start":{"line":11,"column":11},"end":{"line":15,"column":5}},"type":"cond-expr","locations":[{"start":{"line":12,"column":6},"end":{"line":12,"column":36}},{"start":{"line":14,"column":6},"end":{"line":14,"column":25}}],"line":11},"1":{"loc":{"start":{"line":28,"column":7},"end":{"line":36,"column":7}},"type":"cond-expr","locations":[{"start":{"line":29,"column":8},"end":{"line":29,"column":16}},{"start":{"line":31,"column":8},"end":{"line":35,"column":17}}],"line":28}},"s":{"0":1,"1":1,"2":1,"3":3,"4":3,"5":3,"6":2,"7":1,"8":2},"f":{"0":1,"1":3,"2":3,"3":3,"4":1},"b":{"0":[1,2],"1":[1,1]},"_coverageSchema":"1a1c01bbd47fc00a2c39e90264f33305004495a9","hash":"6974161ec8c3c74034c05f17b252debddb959783"}
,"/home/sony/Documents/init/react-testing-library-examples/src/components/counter.js": {"path":"/home/sony/Documents/init/react-testing-library-examples/src/components/counter.js","statementMap":{"0":{"start":{"line":5,"column":16},"end":{"line":24,"column":1}},"1":{"start":{"line":6,"column":22},"end":{"line":8,"column":5}},"2":{"start":{"line":7,"column":8},"end":{"line":7,"column":37}},"3":{"start":{"line":10,"column":22},"end":{"line":12,"column":5}},"4":{"start":{"line":11,"column":8},"end":{"line":11,"column":37}},"5":{"start":{"line":14,"column":4},"end":{"line":23,"column":5}},"6":{"start":{"line":26,"column":25},"end":{"line":26,"column":76}},"7":{"start":{"line":26,"column":45},"end":{"line":26,"column":65}}},"fnMap":{"0":{"name":"(anonymous_0)","decl":{"start":{"line":5,"column":16},"end":{"line":5,"column":17}},"loc":{"start":{"line":5,"column":39},"end":{"line":24,"column":1}},"line":5},"1":{"name":"(anonymous_1)","decl":{"start":{"line":6,"column":22},"end":{"line":6,"column":23}},"loc":{"start":{"line":6,"column":28},"end":{"line":8,"column":5}},"line":6},"2":{"name":"(anonymous_2)","decl":{"start":{"line":10,"column":22},"end":{"line":10,"column":23}},"loc":{"start":{"line":10,"column":28},"end":{"line":12,"column":5}},"line":10},"3":{"name":"(anonymous_3)","decl":{"start":{"line":26,"column":33},"end":{"line":26,"column":34}},"loc":{"start":{"line":26,"column":45},"end":{"line":26,"column":65}},"line":26}},"branchMap":{},"s":{"0":1,"1":5,"2":2,"3":5,"4":2,"5":5,"6":1,"7":7},"f":{"0":5,"1":2,"2":2,"3":7},"b":{},"_coverageSchema":"1a1c01bbd47fc00a2c39e90264f33305004495a9","hash":"efd50352bfd7e8b7c6dd160818b71a506e73898d"}
,"/home/sony/Documents/init/react-testing-library-examples/src/components/fetch-greeting.js": {"path":"/home/sony/Documents/init/react-testing-library-examples/src/components/fetch-greeting.js","statementMap":{"0":{"start":{"line":5,"column":21},"end":{"line":8,"column":1}},"1":{"start":{"line":11,"column":2},"end":{"line":27,"column":3}},"2":{"start":{"line":13,"column":6},"end":{"line":16,"column":7}},"3":{"start":{"line":19,"column":6},"end":{"line":22,"column":7}},"4":{"start":{"line":25,"column":6},"end":{"line":25,"column":18}},"5":{"start":{"line":31,"column":40},"end":{"line":34,"column":3}},"6":{"start":{"line":35,"column":44},"end":{"line":35,"column":59}},"7":{"start":{"line":37,"column":24},"end":{"line":49,"column":3}},"8":{"start":{"line":38,"column":4},"end":{"line":48,"column":8}},"9":{"start":{"line":41,"column":23},"end":{"line":41,"column":31}},"10":{"start":{"line":42,"column":27},"end":{"line":42,"column":31}},"11":{"start":{"line":43,"column":8},"end":{"line":43,"column":45}},"12":{"start":{"line":44,"column":8},"end":{"line":44,"column":30}},"13":{"start":{"line":47,"column":8},"end":{"line":47,"column":40}},"14":{"start":{"line":51,"column":21},"end":{"line":51,"column":59}},"15":{"start":{"line":53,"column":2},"end":{"line":61,"column":3}}},"fnMap":{"0":{"name":"greetingReducer","decl":{"start":{"line":10,"column":9},"end":{"line":10,"column":24}},"loc":{"start":{"line":10,"column":40},"end":{"line":28,"column":1}},"line":10},"1":{"name":"FetchGreeting","decl":{"start":{"line":30,"column":9},"end":{"line":30,"column":22}},"loc":{"start":{"line":30,"column":25},"end":{"line":62,"column":1}},"line":30},"2":{"name":"(anonymous_2)","decl":{"start":{"line":37,"column":24},"end":{"line":37,"column":25}},"loc":{"start":{"line":37,"column":36},"end":{"line":49,"column":3}},"line":37},"3":{"name":"(anonymous_3)","decl":{"start":{"line":40,"column":12},"end":{"line":40,"column":13}},"loc":{"start":{"line":40,"column":26},"end":{"line":45,"column":7}},"line":40},"4":{"name":"(anonymous_4)","decl":{"start":{"line":46,"column":13},"end":{"line":46,"column":14}},"loc":{"start":{"line":46,"column":24},"end":{"line":48,"column":7}},"line":46}},"branchMap":{"0":{"loc":{"start":{"line":11,"column":2},"end":{"line":27,"column":3}},"type":"switch","locations":[{"start":{"line":12,"column":4},"end":{"line":17,"column":5}},{"start":{"line":18,"column":4},"end":{"line":23,"column":5}},{"start":{"line":24,"column":4},"end":{"line":26,"column":5}}],"line":11},"1":{"loc":{"start":{"line":51,"column":21},"end":{"line":51,"column":59}},"type":"cond-expr","locations":[{"start":{"line":51,"column":37},"end":{"line":51,"column":41}},{"start":{"line":51,"column":44},"end":{"line":51,"column":59}}],"line":51},"2":{"loc":{"start":{"line":58,"column":7},"end":{"line":58,"column":38}},"type":"binary-expr","locations":[{"start":{"line":58,"column":7},"end":{"line":58,"column":15}},{"start":{"line":58,"column":19},"end":{"line":58,"column":38}}],"line":58},"3":{"loc":{"start":{"line":59,"column":7},"end":{"line":59,"column":58}},"type":"binary-expr","locations":[{"start":{"line":59,"column":7},"end":{"line":59,"column":12}},{"start":{"line":59,"column":16},"end":{"line":59,"column":58}}],"line":59}},"s":{"0":1,"1":2,"2":1,"3":1,"4":0,"5":5,"6":5,"7":5,"8":2,"9":1,"10":1,"11":1,"12":1,"13":1,"14":5,"15":5},"f":{"0":2,"1":5,"2":2,"3":1,"4":1},"b":{"0":[1,1,0],"1":[1,4],"2":[5,2],"3":[5,1]},"_coverageSchema":"1a1c01bbd47fc00a2c39e90264f33305004495a9","hash":"1c792ea61722c37e0e0354780cfd725a6d1803e6"}
,"/home/sony/Documents/init/react-testing-library-examples/src/components/i18next.js": {"path":"/home/sony/Documents/init/react-testing-library-examples/src/components/i18next.js","statementMap":{"0":{"start":{"line":11,"column":18},"end":{"line":22,"column":1}},"1":{"start":{"line":24,"column":0},"end":{"line":38,"column":4}},"2":{"start":{"line":40,"column":17},"end":{"line":52,"column":2}},"3":{"start":{"line":41,"column":2},"end":{"line":51,"column":3}},"4":{"start":{"line":44,"column":31},"end":{"line":44,"column":62}},"5":{"start":{"line":45,"column":31},"end":{"line":45,"column":62}}},"fnMap":{"0":{"name":"(anonymous_0)","decl":{"start":{"line":40,"column":35},"end":{"line":40,"column":36}},"loc":{"start":{"line":40,"column":46},"end":{"line":52,"column":1}},"line":40},"1":{"name":"(anonymous_1)","decl":{"start":{"line":44,"column":25},"end":{"line":44,"column":26}},"loc":{"start":{"line":44,"column":31},"end":{"line":44,"column":62}},"line":44},"2":{"name":"(anonymous_2)","decl":{"start":{"line":45,"column":25},"end":{"line":45,"column":26}},"loc":{"start":{"line":45,"column":31},"end":{"line":45,"column":62}},"line":45}},"branchMap":{},"s":{"0":1,"1":1,"2":1,"3":4,"4":1,"5":1},"f":{"0":4,"1":1,"2":1},"b":{},"_coverageSchema":"1a1c01bbd47fc00a2c39e90264f33305004495a9","hash":"9e789f4f27b6523e09d787c5e3fa14ad7ef1938e"}
,"/home/sony/Documents/init/react-testing-library-examples/src/components/lazy-component.js": {"path":"/home/sony/Documents/init/react-testing-library-examples/src/components/lazy-component.js","statementMap":{"0":{"start":{"line":4,"column":2},"end":{"line":4,"column":30}}},"fnMap":{"0":{"name":"LazyComponent","decl":{"start":{"line":3,"column":9},"end":{"line":3,"column":22}},"loc":{"start":{"line":3,"column":25},"end":{"line":5,"column":1}},"line":3}},"branchMap":{},"s":{"0":2},"f":{"0":2},"b":{},"_coverageSchema":"1a1c01bbd47fc00a2c39e90264f33305004495a9","hash":"a2b5254373cfb720e66f28e2ffef07f0bbaee7a2"}
,"/home/sony/Documents/init/react-testing-library-examples/src/components/mock.react-router.js": {"path":"/home/sony/Documents/init/react-testing-library-examples/src/components/mock.react-router.js","statementMap":{"0":{"start":{"line":4,"column":24},"end":{"line":6,"column":2}},"1":{"start":{"line":5,"column":2},"end":{"line":5,"column":63}}},"fnMap":{"0":{"name":"(anonymous_0)","decl":{"start":{"line":4,"column":35},"end":{"line":4,"column":36}},"loc":{"start":{"line":5,"column":2},"end":{"line":5,"column":63}},"line":5}},"branchMap":{},"s":{"0":1,"1":1},"f":{"0":1},"b":{},"_coverageSchema":"1a1c01bbd47fc00a2c39e90264f33305004495a9","hash":"b1bdeeee9e269481fe7ee3b2a6e6f7898af7b876"}
,"/home/sony/Documents/init/react-testing-library-examples/src/components/mock.react-transition-group.js": {"path":"/home/sony/Documents/init/react-testing-library-examples/src/components/mock.react-transition-group.js","statementMap":{"0":{"start":{"line":5,"column":2},"end":{"line":9,"column":3}},"1":{"start":{"line":13,"column":26},"end":{"line":13,"column":53}},"2":{"start":{"line":14,"column":17},"end":{"line":14,"column":39}},"3":{"start":{"line":14,"column":23},"end":{"line":14,"column":39}},"4":{"start":{"line":14,"column":36},"end":{"line":14,"column":38}},"5":{"start":{"line":15,"column":2},"end":{"line":22,"column":3}}},"fnMap":{"0":{"name":"Fade","decl":{"start":{"line":4,"column":9},"end":{"line":4,"column":13}},"loc":{"start":{"line":4,"column":36},"end":{"line":10,"column":1}},"line":4},"1":{"name":"HiddenMessage","decl":{"start":{"line":12,"column":9},"end":{"line":12,"column":22}},"loc":{"start":{"line":12,"column":46},"end":{"line":23,"column":1}},"line":12},"2":{"name":"(anonymous_2)","decl":{"start":{"line":14,"column":17},"end":{"line":14,"column":18}},"loc":{"start":{"line":14,"column":23},"end":{"line":14,"column":39}},"line":14},"3":{"name":"(anonymous_3)","decl":{"start":{"line":14,"column":31},"end":{"line":14,"column":32}},"loc":{"start":{"line":14,"column":36},"end":{"line":14,"column":38}},"line":14}},"branchMap":{"0":{"loc":{"start":{"line":12,"column":24},"end":{"line":12,"column":43}},"type":"default-arg","locations":[{"start":{"line":12,"column":38},"end":{"line":12,"column":43}}],"line":12}},"s":{"0":2,"1":2,"2":2,"3":1,"4":1,"5":2},"f":{"0":2,"1":2,"2":1,"3":1},"b":{"0":[0]},"_coverageSchema":"1a1c01bbd47fc00a2c39e90264f33305004495a9","hash":"9be7617e6c47cd4811b43c5003757e531d8969f7"}
,"/home/sony/Documents/init/react-testing-library-examples/src/components/on-change.js": {"path":"/home/sony/Documents/init/react-testing-library-examples/src/components/on-change.js","statementMap":{"0":{"start":{"line":4,"column":28},"end":{"line":4,"column":46}},"1":{"start":{"line":5,"column":23},"end":{"line":5,"column":73}},"2":{"start":{"line":5,"column":28},"end":{"line":5,"column":73}},"3":{"start":{"line":6,"column":2},"end":{"line":11,"column":3}}},"fnMap":{"0":{"name":"UpperInput","decl":{"start":{"line":3,"column":24},"end":{"line":3,"column":34}},"loc":{"start":{"line":3,"column":37},"end":{"line":12,"column":1}},"line":3},"1":{"name":"(anonymous_1)","decl":{"start":{"line":5,"column":23},"end":{"line":5,"column":24}},"loc":{"start":{"line":5,"column":28},"end":{"line":5,"column":73}},"line":5}},"branchMap":{},"s":{"0":6,"1":6,"2":5,"3":6},"f":{"0":6,"1":5},"b":{},"_coverageSchema":"1a1c01bbd47fc00a2c39e90264f33305004495a9","hash":"e9659fb98daf4f6a376f3b658ab722ea775f86f0"}
,"/home/sony/Documents/init/react-testing-library-examples/src/components/portals.js": {"path":"/home/sony/Documents/init/react-testing-library-examples/src/components/portals.js","statementMap":{"0":{"start":{"line":4,"column":16},"end":{"line":4,"column":53}},"1":{"start":{"line":5,"column":0},"end":{"line":9,"column":1}},"2":{"start":{"line":6,"column":2},"end":{"line":6,"column":43}},"3":{"start":{"line":7,"column":2},"end":{"line":7,"column":44}},"4":{"start":{"line":8,"column":2},"end":{"line":8,"column":38}},"5":{"start":{"line":12,"column":7},"end":{"line":12,"column":36}},"6":{"start":{"line":14,"column":4},"end":{"line":14,"column":34}},"7":{"start":{"line":17,"column":4},"end":{"line":17,"column":34}},"8":{"start":{"line":20,"column":4},"end":{"line":56,"column":5}},"9":{"start":{"line":48,"column":26},"end":{"line":48,"column":45}}},"fnMap":{"0":{"name":"(anonymous_0)","decl":{"start":{"line":13,"column":2},"end":{"line":13,"column":3}},"loc":{"start":{"line":13,"column":22},"end":{"line":15,"column":3}},"line":13},"1":{"name":"(anonymous_1)","decl":{"start":{"line":16,"column":2},"end":{"line":16,"column":3}},"loc":{"start":{"line":16,"column":25},"end":{"line":18,"column":3}},"line":16},"2":{"name":"(anonymous_2)","decl":{"start":{"line":19,"column":2},"end":{"line":19,"column":3}},"loc":{"start":{"line":19,"column":11},"end":{"line":57,"column":3}},"line":19},"3":{"name":"(anonymous_3)","decl":{"start":{"line":48,"column":19},"end":{"line":48,"column":20}},"loc":{"start":{"line":48,"column":26},"end":{"line":48,"column":45}},"line":48}},"branchMap":{"0":{"loc":{"start":{"line":5,"column":0},"end":{"line":9,"column":1}},"type":"if","locations":[{"start":{"line":5,"column":0},"end":{"line":9,"column":1}},{"start":{},"end":{}}],"line":5}},"s":{"0":1,"1":1,"2":1,"3":1,"4":1,"5":1,"6":1,"7":1,"8":1,"9":1},"f":{"0":1,"1":1,"2":1,"3":1},"b":{"0":[1,0]},"_coverageSchema":"1a1c01bbd47fc00a2c39e90264f33305004495a9","hash":"0e74f68577a21cee51afc1f48ec6b7c382b42827"}
,"/home/sony/Documents/init/react-testing-library-examples/src/components/react-context.js": {"path":"/home/sony/Documents/init/react-testing-library-examples/src/components/react-context.js","statementMap":{"0":{"start":{"line":3,"column":20},"end":{"line":3,"column":50}},"1":{"start":{"line":5,"column":21},"end":{"line":10,"column":1}},"2":{"start":{"line":6,"column":19},"end":{"line":6,"column":37}},"3":{"start":{"line":7,"column":2},"end":{"line":9,"column":3}},"4":{"start":{"line":12,"column":21},"end":{"line":16,"column":1}},"5":{"start":{"line":13,"column":2},"end":{"line":15,"column":25}},"6":{"start":{"line":14,"column":14},"end":{"line":14,"column":44}}},"fnMap":{"0":{"name":"(anonymous_0)","decl":{"start":{"line":5,"column":21},"end":{"line":5,"column":22}},"loc":{"start":{"line":5,"column":50},"end":{"line":10,"column":1}},"line":5},"1":{"name":"(anonymous_1)","decl":{"start":{"line":12,"column":21},"end":{"line":12,"column":22}},"loc":{"start":{"line":13,"column":2},"end":{"line":15,"column":25}},"line":13},"2":{"name":"(anonymous_2)","decl":{"start":{"line":14,"column":5},"end":{"line":14,"column":6}},"loc":{"start":{"line":14,"column":14},"end":{"line":14,"column":44}},"line":14}},"branchMap":{},"s":{"0":1,"1":1,"2":2,"3":2,"4":1,"5":3,"6":3},"f":{"0":2,"1":3,"2":3},"b":{},"_coverageSchema":"1a1c01bbd47fc00a2c39e90264f33305004495a9","hash":"2510b247e03ff3d5e6902ccc0b048f2e34da9e54"}
,"/home/sony/Documents/init/react-testing-library-examples/src/components/react-intl.js": {"path":"/home/sony/Documents/init/react-testing-library-examples/src/components/react-intl.js","statementMap":{"0":{"start":{"line":5,"column":23},"end":{"line":17,"column":1}},"1":{"start":{"line":6,"column":2},"end":{"line":16,"column":3}}},"fnMap":{"0":{"name":"(anonymous_0)","decl":{"start":{"line":5,"column":23},"end":{"line":5,"column":24}},"loc":{"start":{"line":5,"column":29},"end":{"line":17,"column":1}},"line":5}},"branchMap":{},"s":{"0":1,"1":1},"f":{"0":1},"b":{},"_coverageSchema":"1a1c01bbd47fc00a2c39e90264f33305004495a9","hash":"2c999ff78543f67c59b54239ec74e12b0e092ecb"}
,"/home/sony/Documents/init/react-testing-library-examples/src/components/react-router.js": {"path":"/home/sony/Documents/init/react-testing-library-examples/src/components/react-router.js","statementMap":{"0":{"start":{"line":10,"column":14},"end":{"line":10,"column":56}},"1":{"start":{"line":10,"column":20},"end":{"line":10,"column":56}},"2":{"start":{"line":11,"column":13},"end":{"line":11,"column":42}},"3":{"start":{"line":11,"column":19},"end":{"line":11,"column":42}},"4":{"start":{"line":12,"column":16},"end":{"line":12,"column":41}},"5":{"start":{"line":12,"column":22},"end":{"line":12,"column":41}},"6":{"start":{"line":14,"column":24},"end":{"line":18,"column":1}},"7":{"start":{"line":15,"column":19},"end":{"line":15,"column":32}},"8":{"start":{"line":17,"column":2},"end":{"line":17,"column":70}},"9":{"start":{"line":20,"column":12},"end":{"line":42,"column":1}},"10":{"start":{"line":21,"column":2},"end":{"line":41,"column":8}}},"fnMap":{"0":{"name":"(anonymous_0)","decl":{"start":{"line":10,"column":14},"end":{"line":10,"column":15}},"loc":{"start":{"line":10,"column":20},"end":{"line":10,"column":56}},"line":10},"1":{"name":"(anonymous_1)","decl":{"start":{"line":11,"column":13},"end":{"line":11,"column":14}},"loc":{"start":{"line":11,"column":19},"end":{"line":11,"column":42}},"line":11},"2":{"name":"(anonymous_2)","decl":{"start":{"line":12,"column":16},"end":{"line":12,"column":17}},"loc":{"start":{"line":12,"column":22},"end":{"line":12,"column":41}},"line":12},"3":{"name":"(anonymous_3)","decl":{"start":{"line":14,"column":24},"end":{"line":14,"column":25}},"loc":{"start":{"line":14,"column":30},"end":{"line":18,"column":1}},"line":14},"4":{"name":"(anonymous_4)","decl":{"start":{"line":20,"column":12},"end":{"line":20,"column":13}},"loc":{"start":{"line":21,"column":2},"end":{"line":41,"column":8}},"line":21}},"branchMap":{},"s":{"0":1,"1":1,"2":1,"3":1,"4":1,"5":1,"6":1,"7":4,"8":4,"9":1,"10":2},"f":{"0":1,"1":1,"2":1,"3":4,"4":2},"b":{},"_coverageSchema":"1a1c01bbd47fc00a2c39e90264f33305004495a9","hash":"83b239e4738eb41167a7871fedf66dee2c0b83a8"}
,"/home/sony/Documents/init/react-testing-library-examples/src/components/shallow.react-transition-group.js": {"path":"/home/sony/Documents/init/react-testing-library-examples/src/components/shallow.react-transition-group.js","statementMap":{"0":{"start":{"line":9,"column":2},"end":{"line":13,"column":3}},"1":{"start":{"line":17,"column":26},"end":{"line":17,"column":53}},"2":{"start":{"line":18,"column":17},"end":{"line":18,"column":39}},"3":{"start":{"line":18,"column":23},"end":{"line":18,"column":39}},"4":{"start":{"line":18,"column":36},"end":{"line":18,"column":38}},"5":{"start":{"line":19,"column":2},"end":{"line":26,"column":3}}},"fnMap":{"0":{"name":"Fade","decl":{"start":{"line":8,"column":9},"end":{"line":8,"column":13}},"loc":{"start":{"line":8,"column":36},"end":{"line":14,"column":1}},"line":8},"1":{"name":"HiddenMessage","decl":{"start":{"line":16,"column":9},"end":{"line":16,"column":22}},"loc":{"start":{"line":16,"column":46},"end":{"line":27,"column":1}},"line":16},"2":{"name":"(anonymous_2)","decl":{"start":{"line":18,"column":17},"end":{"line":18,"column":18}},"loc":{"start":{"line":18,"column":23},"end":{"line":18,"column":39}},"line":18},"3":{"name":"(anonymous_3)","decl":{"start":{"line":18,"column":31},"end":{"line":18,"column":32}},"loc":{"start":{"line":18,"column":36},"end":{"line":18,"column":38}},"line":18}},"branchMap":{"0":{"loc":{"start":{"line":16,"column":24},"end":{"line":16,"column":43}},"type":"default-arg","locations":[{"start":{"line":16,"column":38},"end":{"line":16,"column":43}}],"line":16}},"s":{"0":2,"1":2,"2":2,"3":1,"4":1,"5":2},"f":{"0":2,"1":2,"2":1,"3":1},"b":{"0":[0]},"_coverageSchema":"1a1c01bbd47fc00a2c39e90264f33305004495a9","hash":"6f206faa7dcab4cef5c18c9a7380e0b1bb0d39c6"}
,"/home/sony/Documents/init/react-testing-library-examples/src/components/update-props.js": {"path":"/home/sony/Documents/init/react-testing-library-examples/src/components/update-props.js","statementMap":{"0":{"start":{"line":8,"column":16},"end":{"line":8,"column":17}},"1":{"start":{"line":10,"column":22},"end":{"line":19,"column":1}},"2":{"start":{"line":11,"column":13},"end":{"line":11,"column":32}},"3":{"start":{"line":13,"column":2},"end":{"line":18,"column":3}}},"fnMap":{"0":{"name":"(anonymous_0)","decl":{"start":{"line":10,"column":22},"end":{"line":10,"column":23}},"loc":{"start":{"line":10,"column":36},"end":{"line":19,"column":1}},"line":10}},"branchMap":{},"s":{"0":1,"1":1,"2":2,"3":2},"f":{"0":2},"b":{},"_coverageSchema":"1a1c01bbd47fc00a2c39e90264f33305004495a9","hash":"2db7cd4c9140daa160ffe38c72737fe719e5573d"}
,"/home/sony/Documents/init/react-testing-library-examples/src/components/upload-file.js": {"path":"/home/sony/Documents/init/react-testing-library-examples/src/components/upload-file.js","statementMap":{"0":{"start":{"line":4,"column":19},"end":{"line":26,"column":1}},"1":{"start":{"line":5,"column":50},"end":{"line":5,"column":64}},"2":{"start":{"line":7,"column":27},"end":{"line":8,"column":38}},"3":{"start":{"line":8,"column":4},"end":{"line":8,"column":38}},"4":{"start":{"line":10,"column":2},"end":{"line":25,"column":3}}},"fnMap":{"0":{"name":"(anonymous_0)","decl":{"start":{"line":4,"column":19},"end":{"line":4,"column":20}},"loc":{"start":{"line":4,"column":25},"end":{"line":26,"column":1}},"line":4},"1":{"name":"(anonymous_1)","decl":{"start":{"line":7,"column":27},"end":{"line":7,"column":28}},"loc":{"start":{"line":8,"column":4},"end":{"line":8,"column":38}},"line":8}},"branchMap":{"0":{"loc":{"start":{"line":21,"column":7},"end":{"line":23,"column":7}},"type":"binary-expr","locations":[{"start":{"line":21,"column":7},"end":{"line":21,"column":23}},{"start":{"line":22,"column":8},"end":{"line":22,"column":68}}],"line":21}},"s":{"0":1,"1":2,"2":2,"3":1,"4":2},"f":{"0":2,"1":1},"b":{"0":[2,1]},"_coverageSchema":"1a1c01bbd47fc00a2c39e90264f33305004495a9","hash":"000c4087717f34dd0b0007585e37bd52f5062ac8"}
,"/home/sony/Documents/init/react-testing-library-examples/src/components/window-resize.js": {"path":"/home/sony/Documents/init/react-testing-library-examples/src/components/window-resize.js","statementMap":{"0":{"start":{"line":4,"column":2},"end":{"line":15,"column":3}}},"fnMap":{"0":{"name":"WindowSize","decl":{"start":{"line":3,"column":24},"end":{"line":3,"column":34}},"loc":{"start":{"line":3,"column":37},"end":{"line":16,"column":1}},"line":3}},"branchMap":{},"s":{"0":2},"f":{"0":2},"b":{},"_coverageSchema":"1a1c01bbd47fc00a2c39e90264f33305004495a9","hash":"cc4242cd8f9aa89a74c1471c14e38c8ff4fc4ad9"}
,"/home/sony/Documents/init/react-testing-library-examples/src/reducers/counterReducers.js": {"path":"/home/sony/Documents/init/react-testing-library-examples/src/reducers/counterReducers.js","statementMap":{"0":{"start":{"line":1,"column":28},"end":{"line":3,"column":3}},"1":{"start":{"line":5,"column":18},"end":{"line":18,"column":1}},"2":{"start":{"line":6,"column":4},"end":{"line":17,"column":5}},"3":{"start":{"line":8,"column":8},"end":{"line":10,"column":9}},"4":{"start":{"line":12,"column":8},"end":{"line":14,"column":9}},"5":{"start":{"line":16,"column":8},"end":{"line":16,"column":20}}},"fnMap":{"0":{"name":"(anonymous_0)","decl":{"start":{"line":5,"column":18},"end":{"line":5,"column":19}},"loc":{"start":{"line":5,"column":59},"end":{"line":18,"column":1}},"line":5}},"branchMap":{"0":{"loc":{"start":{"line":5,"column":19},"end":{"line":5,"column":46}},"type":"default-arg","locations":[{"start":{"line":5,"column":27},"end":{"line":5,"column":46}}],"line":5},"1":{"loc":{"start":{"line":6,"column":4},"end":{"line":17,"column":5}},"type":"switch","locations":[{"start":{"line":7,"column":6},"end":{"line":10,"column":9}},{"start":{"line":11,"column":6},"end":{"line":14,"column":9}},{"start":{"line":15,"column":6},"end":{"line":16,"column":20}}],"line":6}},"s":{"0":1,"1":1,"2":4,"3":1,"4":1,"5":2},"f":{"0":4},"b":{"0":[0],"1":[1,1,2]},"_coverageSchema":"1a1c01bbd47fc00a2c39e90264f33305004495a9","hash":"c3e87e901305432156ab20ca98d1bb48730da299"}
,"/home/sony/Documents/init/react-testing-library-examples/src/utils/utils.js": {"path":"/home/sony/Documents/init/react-testing-library-examples/src/utils/utils.js","statementMap":{"0":{"start":{"line":4,"column":2},"end":{"line":4,"column":41}}},"fnMap":{"0":{"name":"reportError","decl":{"start":{"line":1,"column":9},"end":{"line":1,"column":20}},"loc":{"start":{"line":1,"column":23},"end":{"line":5,"column":1}},"line":1}},"branchMap":{},"s":{"0":0},"f":{"0":0},"b":{}}
}
